  [1m[35m (1.7ms)[0m  [1m[34mSELECT sqlite_version(*)[0m
  [1m[35m (1.8ms)[0m  [1m[35mCREATE TABLE "schema_migrations" ("version" varchar NOT NULL PRIMARY KEY)[0m
  [1m[35m (1.4ms)[0m  [1m[35mCREATE TABLE "ar_internal_metadata" ("key" varchar NOT NULL PRIMARY KEY, "value" varchar, "created_at" datetime(6) NOT NULL, "updated_at" datetime(6) NOT NULL)[0m
  [1m[35m (0.1ms)[0m  [1m[34mSELECT "schema_migrations"."version" FROM "schema_migrations" ORDER BY "schema_migrations"."version" ASC[0m
Migrating to CreateRentals (20201216200848)
  [1m[35m (0.0ms)[0m  [1m[36mbegin transaction[0m
  [1m[35m (0.3ms)[0m  [1m[35mCREATE TABLE "rentals" ("id" integer PRIMARY KEY AUTOINCREMENT NOT NULL, "date_time" datetime, "customer_name" varchar, "boat_name" varchar, "created_at" datetime(6) NOT NULL, "updated_at" datetime(6) NOT NULL)[0m
  [1m[36mprimary::SchemaMigration Create (0.1ms)[0m  [1m[32mINSERT INTO "schema_migrations" ("version") VALUES (?)[0m  [["version", "20201216200848"]]
  [1m[35m (0.9ms)[0m  [1m[36mcommit transaction[0m
  [1m[36mActiveRecord::InternalMetadata Load (0.1ms)[0m  [1m[34mSELECT "ar_internal_metadata".* FROM "ar_internal_metadata" WHERE "ar_internal_metadata"."key" = ? LIMIT ?[0m  [["key", "environment"], ["LIMIT", 1]]
  [1m[35m (0.0ms)[0m  [1m[36mbegin transaction[0m
  [1m[36mActiveRecord::InternalMetadata Create (0.2ms)[0m  [1m[32mINSERT INTO "ar_internal_metadata" ("key", "value", "created_at", "updated_at") VALUES (?, ?, ?, ?)[0m  [["key", "environment"], ["value", "development"], ["created_at", "2020-12-16 20:09:30.950781"], ["updated_at", "2020-12-16 20:09:30.950781"]]
  [1m[35m (0.5ms)[0m  [1m[36mcommit transaction[0m
  [1m[35m (0.1ms)[0m  [1m[34mSELECT sqlite_version(*)[0m
  [1m[35m (0.1ms)[0m  [1m[34mSELECT "schema_migrations"."version" FROM "schema_migrations" ORDER BY "schema_migrations"."version" ASC[0m
  [1m[35m (0.4ms)[0m  [1m[34mSELECT sqlite_version(*)[0m
  [1m[35m (0.1ms)[0m  [1m[36mbegin transaction[0m
  [1m[36mRental Create (0.4ms)[0m  [1m[32mINSERT INTO "rentals" ("date_time", "customer_name", "boat_name", "created_at", "updated_at") VALUES (?, ?, ?, ?, ?)[0m  [["date_time", "2020-12-16 20:12:12.008665"], ["customer_name", "b"], ["boat_name", "a"], ["created_at", "2020-12-16 20:12:12.011170"], ["updated_at", "2020-12-16 20:12:12.011170"]]
  [1m[35m (0.6ms)[0m  [1m[36mcommit transaction[0m
  [1m[35m (0.4ms)[0m  [1m[34mSELECT sqlite_version(*)[0m
  [1m[35m (0.0ms)[0m  [1m[36mbegin transaction[0m
  [1m[36mRental Create (0.4ms)[0m  [1m[32mINSERT INTO "rentals" ("date_time", "customer_name", "boat_name", "created_at", "updated_at") VALUES (?, ?, ?, ?, ?)[0m  [["date_time", "2020-12-16 20:14:29.313324"], ["customer_name", "b"], ["boat_name", "a"], ["created_at", "2020-12-16 20:14:29.324954"], ["updated_at", "2020-12-16 20:14:29.324954"]]
  [1m[35m (0.7ms)[0m  [1m[36mcommit transaction[0m
  [1m[35m (0.1ms)[0m  [1m[36mbegin transaction[0m
  [1m[36mRental Update (0.4ms)[0m  [1m[33mUPDATE "rentals" SET "date_time" = ?, "updated_at" = ? WHERE "rentals"."id" = ?[0m  [["date_time", "2020-12-16 20:15:24.328291"], ["updated_at", "2020-12-16 20:15:40.209437"], ["id", 2]]
  [1m[35m (1.0ms)[0m  [1m[36mcommit transaction[0m
  [1m[35m (7.8ms)[0m  [1m[34mSELECT sqlite_version(*)[0m
  [1m[35m (0.5ms)[0m  [1m[34mSELECT "schema_migrations"."version" FROM "schema_migrations" ORDER BY "schema_migrations"."version" ASC[0m
Migrating to CreateBoats (20201216213110)
  [1m[35m (0.1ms)[0m  [1m[36mbegin transaction[0m
  [1m[35m (4.9ms)[0m  [1m[35mCREATE TABLE "boats" ("id" integer PRIMARY KEY AUTOINCREMENT NOT NULL, "name" varchar, "created_at" datetime(6) NOT NULL, "updated_at" datetime(6) NOT NULL)[0m
  [1m[36mprimary::SchemaMigration Create (0.5ms)[0m  [1m[32mINSERT INTO "schema_migrations" ("version") VALUES (?)[0m  [["version", "20201216213110"]]
  [1m[35m (2.5ms)[0m  [1m[36mcommit transaction[0m
Migrating to CreateCustomers (20201216213155)
  [1m[35m (0.1ms)[0m  [1m[36mbegin transaction[0m
  [1m[35m (4.5ms)[0m  [1m[35mCREATE TABLE "customers" ("id" integer PRIMARY KEY AUTOINCREMENT NOT NULL, "name" varchar, "created_at" datetime(6) NOT NULL, "updated_at" datetime(6) NOT NULL)[0m
  [1m[36mprimary::SchemaMigration Create (2.5ms)[0m  [1m[32mINSERT INTO "schema_migrations" ("version") VALUES (?)[0m  [["version", "20201216213155"]]
  [1m[35m (3.6ms)[0m  [1m[36mcommit transaction[0m
  [1m[36mActiveRecord::InternalMetadata Load (0.5ms)[0m  [1m[34mSELECT "ar_internal_metadata".* FROM "ar_internal_metadata" WHERE "ar_internal_metadata"."key" = ? LIMIT ?[0m  [["key", "environment"], ["LIMIT", 1]]
  [1m[35m (0.1ms)[0m  [1m[34mSELECT sqlite_version(*)[0m
  [1m[35m (0.4ms)[0m  [1m[34mSELECT "schema_migrations"."version" FROM "schema_migrations" ORDER BY "schema_migrations"."version" ASC[0m
  [1m[35m (1.0ms)[0m  [1m[34mSELECT sqlite_version(*)[0m
  [1m[35m (0.3ms)[0m  [1m[34mSELECT "schema_migrations"."version" FROM "schema_migrations" ORDER BY "schema_migrations"."version" ASC[0m
Migrating to ChangeCustomerNameInRentals (20201216213615)
  [1m[35m (0.1ms)[0m  [1m[36mbegin transaction[0m
  [1m[35m (0.0ms)[0m  [1m[35mPRAGMA foreign_keys[0m
  [1m[35m (0.1ms)[0m  [1m[35mPRAGMA defer_foreign_keys[0m
  [1m[35m (0.1ms)[0m  [1m[35mPRAGMA defer_foreign_keys = ON[0m
  [1m[35m (0.1ms)[0m  [1m[35mPRAGMA foreign_keys = OFF[0m
  [1m[35m (0.0ms)[0m  [1m[35mPRAGMA defer_foreign_keys = 0[0m
  [1m[35m (0.1ms)[0m  [1m[35mPRAGMA foreign_keys = 1[0m
  [1m[35m (0.1ms)[0m  [1m[31mrollback transaction[0m
  [1m[35m (3.5ms)[0m  [1m[34mSELECT sqlite_version(*)[0m
  [1m[35m (0.3ms)[0m  [1m[34mSELECT "schema_migrations"."version" FROM "schema_migrations" ORDER BY "schema_migrations"."version" ASC[0m
Migrating to ChangeCustomerNameInRentals (20201216213615)
  [1m[35m (0.1ms)[0m  [1m[36mbegin transaction[0m
  [1m[35m (0.1ms)[0m  [1m[35mPRAGMA foreign_keys[0m
  [1m[35m (0.1ms)[0m  [1m[35mPRAGMA defer_foreign_keys[0m
  [1m[35m (0.1ms)[0m  [1m[35mPRAGMA defer_foreign_keys = ON[0m
  [1m[35m (0.1ms)[0m  [1m[35mPRAGMA foreign_keys = OFF[0m
  [1m[35m (0.7ms)[0m  [1m[35mCREATE TEMPORARY TABLE "arentals" ("id" integer NOT NULL PRIMARY KEY, "date_time" datetime DEFAULT NULL, "customer_id" varchar DEFAULT NULL, "boat_name" varchar DEFAULT NULL, "created_at" datetime(6) NOT NULL, "updated_at" datetime(6) NOT NULL)[0m
  [1m[35m (0.2ms)[0m  [1m[32mINSERT INTO "arentals" ("id","date_time","customer_id","boat_name","created_at","updated_at")
                     SELECT "id","date_time","customer_name","boat_name","created_at","updated_at" FROM "rentals"[0m
  [1m[35m (1.2ms)[0m  [1m[35mDROP TABLE "rentals"[0m
  [1m[35m (0.4ms)[0m  [1m[35mCREATE TABLE "rentals" ("id" integer NOT NULL PRIMARY KEY, "date_time" datetime DEFAULT NULL, "customer_id" varchar DEFAULT NULL, "boat_name" varchar DEFAULT NULL, "created_at" datetime(6) NOT NULL, "updated_at" datetime(6) NOT NULL)[0m
  [1m[35m (0.1ms)[0m  [1m[32mINSERT INTO "rentals" ("id","date_time","customer_id","boat_name","created_at","updated_at")
                     SELECT "id","date_time","customer_id","boat_name","created_at","updated_at" FROM "arentals"[0m
  [1m[35m (0.1ms)[0m  [1m[35mDROP TABLE "arentals"[0m
  [1m[35m (0.1ms)[0m  [1m[35mPRAGMA defer_foreign_keys = 0[0m
  [1m[35m (0.1ms)[0m  [1m[35mPRAGMA foreign_keys = 1[0m
  [1m[35m (0.1ms)[0m  [1m[35mPRAGMA foreign_keys[0m
  [1m[35m (0.1ms)[0m  [1m[35mPRAGMA defer_foreign_keys[0m
  [1m[35m (0.1ms)[0m  [1m[35mPRAGMA defer_foreign_keys = ON[0m
  [1m[35m (0.1ms)[0m  [1m[35mPRAGMA foreign_keys = OFF[0m
  [1m[35m (0.3ms)[0m  [1m[35mCREATE TEMPORARY TABLE "arentals" ("id" integer NOT NULL PRIMARY KEY, "date_time" datetime DEFAULT NULL, "customer_id" varchar DEFAULT NULL, "boat_name" varchar DEFAULT NULL, "created_at" datetime(6) NOT NULL, "updated_at" datetime(6) NOT NULL)[0m
  [1m[35m (0.2ms)[0m  [1m[32mINSERT INTO "arentals" ("id","date_time","customer_id","boat_name","created_at","updated_at")
                     SELECT "id","date_time","customer_id","boat_name","created_at","updated_at" FROM "rentals"[0m
  [1m[35m (0.3ms)[0m  [1m[35mDROP TABLE "rentals"[0m
  [1m[35m (0.3ms)[0m  [1m[35mCREATE TABLE "rentals" ("id" integer NOT NULL PRIMARY KEY, "date_time" datetime DEFAULT NULL, "customer_id" integer DEFAULT NULL, "boat_name" varchar DEFAULT NULL, "created_at" datetime(6) NOT NULL, "updated_at" datetime(6) NOT NULL)[0m
  [1m[35m (0.2ms)[0m  [1m[32mINSERT INTO "rentals" ("id","date_time","customer_id","boat_name","created_at","updated_at")
                     SELECT "id","date_time","customer_id","boat_name","created_at","updated_at" FROM "arentals"[0m
  [1m[35m (0.1ms)[0m  [1m[35mDROP TABLE "arentals"[0m
  [1m[35m (0.1ms)[0m  [1m[35mPRAGMA defer_foreign_keys = 0[0m
  [1m[35m (0.1ms)[0m  [1m[35mPRAGMA foreign_keys = 1[0m
  [1m[36mprimary::SchemaMigration Create (0.3ms)[0m  [1m[32mINSERT INTO "schema_migrations" ("version") VALUES (?)[0m  [["version", "20201216213615"]]
  [1m[35m (3.0ms)[0m  [1m[36mcommit transaction[0m
  [1m[36mActiveRecord::InternalMetadata Load (1.0ms)[0m  [1m[34mSELECT "ar_internal_metadata".* FROM "ar_internal_metadata" WHERE "ar_internal_metadata"."key" = ? LIMIT ?[0m  [["key", "environment"], ["LIMIT", 1]]
  [1m[35m (0.1ms)[0m  [1m[34mSELECT sqlite_version(*)[0m
  [1m[35m (0.4ms)[0m  [1m[34mSELECT "schema_migrations"."version" FROM "schema_migrations" ORDER BY "schema_migrations"."version" ASC[0m
  [1m[35m (0.8ms)[0m  [1m[34mSELECT sqlite_version(*)[0m
  [1m[35m (0.4ms)[0m  [1m[34mSELECT "schema_migrations"."version" FROM "schema_migrations" ORDER BY "schema_migrations"."version" ASC[0m
Migrating to ChangeBoatNameInRentals (20201216214236)
  [1m[35m (0.1ms)[0m  [1m[36mbegin transaction[0m
  [1m[35m (0.1ms)[0m  [1m[35mPRAGMA foreign_keys[0m
  [1m[35m (0.1ms)[0m  [1m[35mPRAGMA defer_foreign_keys[0m
  [1m[35m (0.1ms)[0m  [1m[35mPRAGMA defer_foreign_keys = ON[0m
  [1m[35m (0.1ms)[0m  [1m[35mPRAGMA foreign_keys = OFF[0m
  [1m[35m (0.5ms)[0m  [1m[35mCREATE TEMPORARY TABLE "arentals" ("id" integer NOT NULL PRIMARY KEY, "date_time" datetime DEFAULT NULL, "customer_id" integer DEFAULT NULL, "boat_id" varchar DEFAULT NULL, "created_at" datetime(6) NOT NULL, "updated_at" datetime(6) NOT NULL)[0m
  [1m[35m (0.2ms)[0m  [1m[32mINSERT INTO "arentals" ("id","date_time","customer_id","boat_id","created_at","updated_at")
                     SELECT "id","date_time","customer_id","boat_name","created_at","updated_at" FROM "rentals"[0m
  [1m[35m (1.3ms)[0m  [1m[35mDROP TABLE "rentals"[0m
  [1m[35m (0.2ms)[0m  [1m[35mCREATE TABLE "rentals" ("id" integer NOT NULL PRIMARY KEY, "date_time" datetime DEFAULT NULL, "customer_id" integer DEFAULT NULL, "boat_id" varchar DEFAULT NULL, "created_at" datetime(6) NOT NULL, "updated_at" datetime(6) NOT NULL)[0m
  [1m[35m (0.2ms)[0m  [1m[32mINSERT INTO "rentals" ("id","date_time","customer_id","boat_id","created_at","updated_at")
                     SELECT "id","date_time","customer_id","boat_id","created_at","updated_at" FROM "arentals"[0m
  [1m[35m (0.3ms)[0m  [1m[35mDROP TABLE "arentals"[0m
  [1m[35m (0.1ms)[0m  [1m[35mPRAGMA defer_foreign_keys = 0[0m
  [1m[35m (0.3ms)[0m  [1m[35mPRAGMA foreign_keys = 1[0m
  [1m[35m (0.1ms)[0m  [1m[35mPRAGMA foreign_keys[0m
  [1m[35m (0.2ms)[0m  [1m[35mPRAGMA defer_foreign_keys[0m
  [1m[35m (0.2ms)[0m  [1m[35mPRAGMA defer_foreign_keys = ON[0m
  [1m[35m (0.1ms)[0m  [1m[35mPRAGMA foreign_keys = OFF[0m
  [1m[35m (0.2ms)[0m  [1m[35mCREATE TEMPORARY TABLE "arentals" ("id" integer NOT NULL PRIMARY KEY, "date_time" datetime DEFAULT NULL, "customer_id" integer DEFAULT NULL, "boat_id" varchar DEFAULT NULL, "created_at" datetime(6) NOT NULL, "updated_at" datetime(6) NOT NULL)[0m
  [1m[35m (0.1ms)[0m  [1m[32mINSERT INTO "arentals" ("id","date_time","customer_id","boat_id","created_at","updated_at")
                     SELECT "id","date_time","customer_id","boat_id","created_at","updated_at" FROM "rentals"[0m
  [1m[35m (0.2ms)[0m  [1m[35mDROP TABLE "rentals"[0m
  [1m[35m (0.2ms)[0m  [1m[35mCREATE TABLE "rentals" ("id" integer NOT NULL PRIMARY KEY, "date_time" datetime DEFAULT NULL, "customer_id" integer DEFAULT NULL, "boat_id" integer DEFAULT NULL, "created_at" datetime(6) NOT NULL, "updated_at" datetime(6) NOT NULL)[0m
  [1m[35m (0.2ms)[0m  [1m[32mINSERT INTO "rentals" ("id","date_time","customer_id","boat_id","created_at","updated_at")
                     SELECT "id","date_time","customer_id","boat_id","created_at","updated_at" FROM "arentals"[0m
  [1m[35m (0.2ms)[0m  [1m[35mDROP TABLE "arentals"[0m
  [1m[35m (0.1ms)[0m  [1m[35mPRAGMA defer_foreign_keys = 0[0m
  [1m[35m (0.1ms)[0m  [1m[35mPRAGMA foreign_keys = 1[0m
  [1m[36mprimary::SchemaMigration Create (0.4ms)[0m  [1m[32mINSERT INTO "schema_migrations" ("version") VALUES (?)[0m  [["version", "20201216214236"]]
  [1m[35m (2.3ms)[0m  [1m[36mcommit transaction[0m
  [1m[36mActiveRecord::InternalMetadata Load (0.3ms)[0m  [1m[34mSELECT "ar_internal_metadata".* FROM "ar_internal_metadata" WHERE "ar_internal_metadata"."key" = ? LIMIT ?[0m  [["key", "environment"], ["LIMIT", 1]]
  [1m[35m (0.1ms)[0m  [1m[34mSELECT sqlite_version(*)[0m
  [1m[35m (0.2ms)[0m  [1m[34mSELECT "schema_migrations"."version" FROM "schema_migrations" ORDER BY "schema_migrations"."version" ASC[0m
  [1m[35m (1.1ms)[0m  [1m[34mSELECT sqlite_version(*)[0m
  [1m[35m (0.1ms)[0m  [1m[36mbegin transaction[0m
  [1m[36mBoat Create (1.3ms)[0m  [1m[32mINSERT INTO "boats" ("name", "created_at", "updated_at") VALUES (?, ?, ?)[0m  [["name", "Jolly Roger"], ["created_at", "2020-12-16 21:44:27.355470"], ["updated_at", "2020-12-16 21:44:27.355470"]]
  [1m[35m (1.9ms)[0m  [1m[36mcommit transaction[0m
  [1m[35m (0.1ms)[0m  [1m[36mbegin transaction[0m
  [1m[36mCustomer Create (1.0ms)[0m  [1m[32mINSERT INTO "customers" ("name", "created_at", "updated_at") VALUES (?, ?, ?)[0m  [["name", "Juan"], ["created_at", "2020-12-16 21:44:48.319611"], ["updated_at", "2020-12-16 21:44:48.319611"]]
  [1m[35m (2.6ms)[0m  [1m[36mcommit transaction[0m
  [1m[35m (0.9ms)[0m  [1m[34mSELECT sqlite_version(*)[0m
  [1m[35m (0.1ms)[0m  [1m[36mbegin transaction[0m
  [1m[36mBoat Load (0.3ms)[0m  [1m[34mSELECT "boats".* FROM "boats" WHERE "boats"."id" = ? LIMIT ?[0m  [["id", 1], ["LIMIT", 1]]
  [1m[36mCustomer Load (0.2ms)[0m  [1m[34mSELECT "customers".* FROM "customers" WHERE "customers"."id" = ? LIMIT ?[0m  [["id", 1], ["LIMIT", 1]]
  [1m[35m (0.1ms)[0m  [1m[31mrollback transaction[0m
  [1m[35m (0.1ms)[0m  [1m[36mbegin transaction[0m
  [1m[36mBoat Load (0.4ms)[0m  [1m[34mSELECT "boats".* FROM "boats" WHERE "boats"."id" = ? LIMIT ?[0m  [["id", 1], ["LIMIT", 1]]
  [1m[36mCustomer Load (0.1ms)[0m  [1m[34mSELECT "customers".* FROM "customers" WHERE "customers"."id" = ? LIMIT ?[0m  [["id", 1], ["LIMIT", 1]]
  [1m[35m (0.1ms)[0m  [1m[31mrollback transaction[0m
  [1m[35m (3.5ms)[0m  [1m[34mSELECT sqlite_version(*)[0m
  [1m[35m (0.2ms)[0m  [1m[36mbegin transaction[0m
  [1m[36mBoat Load (0.2ms)[0m  [1m[34mSELECT "boats".* FROM "boats" WHERE "boats"."id" = ? LIMIT ?[0m  [["id", 1], ["LIMIT", 1]]
  [1m[36mCustomer Load (0.7ms)[0m  [1m[34mSELECT "customers".* FROM "customers" WHERE "customers"."id" = ? LIMIT ?[0m  [["id", 1], ["LIMIT", 1]]
  [1m[36mRental Create (1.5ms)[0m  [1m[32mINSERT INTO "rentals" ("date_time", "customer_id", "boat_id", "created_at", "updated_at") VALUES (?, ?, ?, ?, ?)[0m  [["date_time", "2020-12-17 00:00:00"], ["customer_id", 1], ["boat_id", 1], ["created_at", "2020-12-16 21:56:07.165002"], ["updated_at", "2020-12-16 21:56:07.165002"]]
  [1m[35m (1.9ms)[0m  [1m[36mcommit transaction[0m
  [1m[36mRental Load (0.3ms)[0m  [1m[34mSELECT "rentals".* FROM "rentals" LIMIT ?[0m  [["LIMIT", 11]]
